Сборка начата 22.12.2015 11:57:14.
     1>Проект "D:\lab7- 8\lab7- 8\lab7- 8.vcxproj" в узле 2 (целевые объекты Build).
     1>ClCompile:
         D:\Program Files (x86)\Microsoft Visual Studio 14.0\VC\bin\CL.exe /c /ZI /nologo /W3 /WX- /sdl /Od /Oy- /D WIN32 /D _DEBUG /D _CONSOLE /D _UNICODE /D UNICODE /Gm /EHsc /RTC1 /MDd /GS /fp:precise /Zc:wchar_t /Zc:forScope /Zc:inline /Fo"Debug\\" /Fd"Debug\vc140.pdb" /Gd /TP /analyze- /errorReport:prompt Source.cpp
         Source.cpp
     1>d:\lab7- 8\lab7- 8\source.cpp(19): warning C4101: warn: неиспользованная локальная переменная
     1>d:\lab7- 8\lab7- 8\header.h(190): warning C4101: elik: неиспользованная локальная переменная
         d:\lab7- 8\lab7- 8\header.h(187): note: при компиляции функции-члена "<Нет данных>" класса <Нет данных>
         d:\lab7- 8\lab7- 8\source.cpp(46): note: см. ссылку на создание экземпляров класса шаблон при компиляции "Set<int>"
     1>d:\lab7- 8\lab7- 8\header.h(65): warning C4244: аргумент: преобразование "time_t" в "unsigned int", возможна потеря данных
         d:\lab7- 8\lab7- 8\header.h(61): note: при компиляции функции-члена "<Нет данных>" класса <Нет данных>
         d:\lab7- 8\lab7- 8\source.cpp(46): note: см. ссылку на создание экземпляров функции шаблон при компиляции "Set<int>::Set(void)"
     1>d:\lab7- 8\lab7- 8\header.h(41): warning C4244: аргумент: преобразование "time_t" в "unsigned int", возможна потеря данных
         d:\lab7- 8\lab7- 8\header.h(38): note: при компиляции функции-члена "<Нет данных>" класса <Нет данных>
         d:\lab7- 8\lab7- 8\header.h(76): note: см. ссылку на создание экземпляров функции шаблон при компиляции "void Set<int>::random(void)"
     1>d:\lab7- 8\lab7- 8\header.h(46): warning C4244: =: преобразование "double" в "int", возможна потеря данных
       Link:
         D:\Program Files (x86)\Microsoft Visual Studio 14.0\VC\bin\link.exe /ERRORREPORT:PROMPT /OUT:"D:\lab7- 8\Debug\lab7- 8.exe" /INCREMENTAL /NOLOGO kernel32.lib user32.lib gdi32.lib winspool.lib comdlg32.lib advapi32.lib shell32.lib ole32.lib oleaut32.lib uuid.lib odbc32.lib odbccp32.lib /MANIFEST /MANIFESTUAC:"level='asInvoker' uiAccess='false'" /manifest:embed /Debug /PDB:"D:\lab7- 8\Debug\lab7- 8.pdb" /SUBSYSTEM:CONSOLE /TLBID:1 /DYNAMICBASE /NXCOMPAT /IMPLIB:"D:\lab7- 8\Debug\lab7- 8.lib" /MACHINE:X86 Debug\Source.obj
         lab7- 8.vcxproj -> D:\lab7- 8\Debug\lab7- 8.exe
     1>Сборка проекта "D:\lab7- 8\lab7- 8\lab7- 8.vcxproj" завершена (целевые объекты Build).

Сборка успешно завершена.

Затраченное время: 00:00:01.26
